<?xml version="1.0" encoding="UTF-8"?>
<!-- Generated by org.testng.reporters.JUnitReportReporter -->
<testsuite hostname="A23906" name="egged.hourbank.automationframework.UpdateMichsa" tests="1" failures="0" timestamp="9 Oct 2016 05:28:59 GMT" time="24.940" errors="0">
  <testcase name="updateMichsa" time="24.940" classname="egged.hourbank.automationframework.UpdateMichsa"/>
</testsuite> <!-- egged.hourbank.automationframework.UpdateMichsa -->
