<?xml version="1.0" encoding="UTF-8"?>
<!-- Generated by org.testng.reporters.JUnitReportReporter -->
<testsuite hostname="A23906" name="egged.hourbank.automationframework.AutoAllocation" tests="2" failures="0" timestamp="9 Oct 2016 12:04:46 GMT" time="26.669" errors="0">
  <testcase name="autoAllocationPlan" time="13.461" classname="egged.hourbank.automationframework.AutoAllocation"/>
  <testcase name="autoAllocationActual" time="13.208" classname="egged.hourbank.automationframework.AutoAllocation"/>
</testsuite> <!-- egged.hourbank.automationframework.AutoAllocation -->
