<?xml version="1.0" encoding="UTF-8"?>
<!-- Generated by org.testng.reporters.JUnitReportReporter -->
<testsuite hostname="A23906" name="egged.hourbank.automationframework.UnDoChanges" tests="1" failures="0" timestamp="8 Oct 2016 18:53:46 GMT" time="8.942" errors="0">
  <testcase name="unDoChanges" time="8.942" classname="egged.hourbank.automationframework.UnDoChanges"/>
</testsuite> <!-- egged.hourbank.automationframework.UnDoChanges -->
