<?xml version="1.0" encoding="UTF-8"?>
<!-- Generated by org.testng.reporters.JUnitReportReporter -->
<testsuite hostname="A23906" name="egged.hourbank.automationframework.LinkToKds" tests="1" failures="0" timestamp="8 Oct 2016 18:53:46 GMT" time="10.180" errors="0">
  <testcase name="linkToKds" time="10.180" classname="egged.hourbank.automationframework.LinkToKds"/>
</testsuite> <!-- egged.hourbank.automationframework.LinkToKds -->
