<?xml version="1.0" encoding="UTF-8"?>
<!-- Generated by org.testng.reporters.JUnitReportReporter -->
<testsuite hostname="A23906" name="egged.hourbank.automationframework.ChkPrevMonth" tests="1" failures="0" timestamp="9 Oct 2016 11:31:33 GMT" time="11.950" errors="0">
  <testcase name="chkPrevMonth" time="11.950" classname="egged.hourbank.automationframework.ChkPrevMonth"/>
</testsuite> <!-- egged.hourbank.automationframework.ChkPrevMonth -->
