<?xml version="1.0" encoding="UTF-8"?>
<!-- Generated by org.testng.reporters.JUnitReportReporter -->
<testsuite hostname="A23906" name="egged.hourbank.automationframework.NewTest" tests="1" failures="0" timestamp="7 Sep 2016 14:31:35 GMT" time="29.617" errors="0">
  <testcase name="f" time="29.617" classname="egged.hourbank.automationframework.NewTest"/>
</testsuite> <!-- egged.hourbank.automationframework.NewTest -->
