<?xml version="1.0" encoding="UTF-8"?>
<!-- Generated by org.testng.reporters.JUnitReportReporter -->
<testsuite hostname="A23906" name="egged.hourbank.automationframework.ChkAutoComplete" tests="2" failures="0" timestamp="8 Oct 2016 18:53:46 GMT" time="17.514" errors="0">
  <testcase name="chkAutoCompleteMispar" time="8.688" classname="egged.hourbank.automationframework.ChkAutoComplete"/>
  <testcase name="chkAutoCompleteShem" time="8.826" classname="egged.hourbank.automationframework.ChkAutoComplete"/>
</testsuite> <!-- egged.hourbank.automationframework.ChkAutoComplete -->
